<?xml version="1.0" encoding="UTF-8"?>
<testng-results ignored="0" total="2" passed="2" failed="0" skipped="0">
  <reporter-output>
  </reporter-output>
  <suite started-at="2022-09-03T17:22:04 ART" name="Default suite" finished-at="2022-09-03T17:22:09 ART" duration-ms="5011">
    <groups>
    </groups>
    <test started-at="2022-09-03T17:22:04 ART" name="Default test" finished-at="2022-09-03T17:22:09 ART" duration-ms="5011">
      <class name="pruebas.laboratorio5_E1">
        <test-method is-config="true" signature="setUp()[pri:0, instance:pruebas.laboratorio5_E1@b9b00e0]" started-at="2022-09-03T17:21:57 ART" name="setUp" finished-at="2022-09-03T17:22:04 ART" duration-ms="7231" status="PASS">
          <reporter-output>
          </reporter-output>
        </test-method> <!-- setUp -->
        <test-method signature="irRegistroLogin(java.lang.String,java.lang.String)[pri:0, instance:pruebas.laboratorio5_E1@b9b00e0]" started-at="2022-09-03T17:22:04 ART" name="irRegistroLogin" data-provider="Datos para Login" finished-at="2022-09-03T17:22:06 ART" duration-ms="1758" status="PASS">
          <params>
            <param index="0">
              <value>
                <![CDATA[test1@gmail.com]]>
              </value>
            </param>
            <param index="1">
              <value>
                <![CDATA[1234]]>
              </value>
            </param>
          </params>
          <reporter-output>
          </reporter-output>
        </test-method> <!-- irRegistroLogin -->
        <test-method signature="irRegistroLogin(java.lang.String,java.lang.String)[pri:0, instance:pruebas.laboratorio5_E1@b9b00e0]" started-at="2022-09-03T17:22:06 ART" name="irRegistroLogin" data-provider="Datos para Login" finished-at="2022-09-03T17:22:09 ART" duration-ms="3202" status="PASS">
          <params>
            <param index="0">
              <value>
                <![CDATA[test2@gmail.com]]>
              </value>
            </param>
            <param index="1">
              <value>
                <![CDATA[5678]]>
              </value>
            </param>
          </params>
          <reporter-output>
          </reporter-output>
        </test-method> <!-- irRegistroLogin -->
        <test-method is-config="true" signature="cierreNavegador()[pri:0, instance:pruebas.laboratorio5_E1@b9b00e0]" started-at="2022-09-03T17:22:09 ART" name="cierreNavegador" finished-at="2022-09-03T17:22:09 ART" duration-ms="67" status="PASS">
          <reporter-output>
          </reporter-output>
        </test-method> <!-- cierreNavegador -->
      </class> <!-- pruebas.laboratorio5_E1 -->
    </test> <!-- Default test -->
  </suite> <!-- Default suite -->
</testng-results>
